[03-Dec-2025 12:34:07 UTC] PHP Fatal error:  Uncaught TypeError: call_user_func_array(): Argument #1 ($callback) must be a valid callback, function "bookstore_register_book_post_typ" not found or invalid function name in C:\Users\EnactOn Tecnologies\Local Sites\the-wordpress-site\app\public\wp-includes\class-wp-hook.php:341
Stack trace:
#0 C:\Users\EnactOn Tecnologies\Local Sites\the-wordpress-site\app\public\wp-includes\class-wp-hook.php(365): WP_Hook->apply_filters(NULL, Array)
#1 C:\Users\EnactOn Tecnologies\Local Sites\the-wordpress-site\app\public\wp-includes\plugin.php(522): WP_Hook->do_action(Array)
#2 C:\Users\EnactOn Tecnologies\Local Sites\the-wordpress-site\app\public\wp-settings.php(742): do_action('init')
#3 C:\Users\EnactOn Tecnologies\Local Sites\the-wordpress-site\app\public\wp-config.php(128): require_once('C:\\Users\\EnactO...')
#4 C:\Users\EnactOn Tecnologies\Local Sites\the-wordpress-site\app\public\wp-load.php(50): require_once('C:\\Users\\EnactO...')
#5 C:\Users\EnactOn Tecnologies\Local Sites\the-wordpress-site\app\public\wp-admin\admin.php(35): require_once('C:\\Users\\EnactO...')
#6 C:\Users\EnactOn Tecnologies\Local Sites\the-wordpress-site\app\public\wp-admin\edit.php(10): require_once('C:\\Users\\EnactO...')
#7 {main}
  thrown in C:\Users\EnactOn Tecnologies\Local Sites\the-wordpress-site\app\public\wp-includes\class-wp-hook.php on line 341
[03-Dec-2025 12:34:07 UTC] PHP Fatal error:  Uncaught TypeError: call_user_func_array(): Argument #1 ($callback) must be a valid callback, function "bookstore_register_book_post_typ" not found or invalid function name in C:\Users\EnactOn Tecnologies\Local Sites\the-wordpress-site\app\public\wp-includes\class-wp-hook.php:341
Stack trace:
#0 C:\Users\EnactOn Tecnologies\Local Sites\the-wordpress-site\app\public\wp-includes\class-wp-hook.php(365): WP_Hook->apply_filters(NULL, Array)
#1 C:\Users\EnactOn Tecnologies\Local Sites\the-wordpress-site\app\public\wp-includes\plugin.php(522): WP_Hook->do_action(Array)
#2 C:\Users\EnactOn Tecnologies\Local Sites\the-wordpress-site\app\public\wp-settings.php(742): do_action('init')
#3 C:\Users\EnactOn Tecnologies\Local Sites\the-wordpress-site\app\public\wp-config.php(128): require_once('C:\\Users\\EnactO...')
#4 C:\Users\EnactOn Tecnologies\Local Sites\the-wordpress-site\app\public\wp-load.php(50): require_once('C:\\Users\\EnactO...')
#5 C:\Users\EnactOn Tecnologies\Local Sites\the-wordpress-site\app\public\wp-blog-header.php(12): require_once('C:\\Users\\EnactO...')
#6 C:\Users\EnactOn Tecnologies\Local Sites\the-wordpress-site\app\public\index.php(17): require('C:\\Users\\EnactO...')
#7 {main}
  thrown in C:\Users\EnactOn Tecnologies\Local Sites\the-wordpress-site\app\public\wp-includes\class-wp-hook.php on line 341
[03-Dec-2025 12:35:46 UTC] PHP Fatal error:  Uncaught TypeError: call_user_func_array(): Argument #1 ($callback) must be a valid callback, function "bookstore_register_book_post_typ" not found or invalid function name in C:\Users\EnactOn Tecnologies\Local Sites\the-wordpress-site\app\public\wp-includes\class-wp-hook.php:341
Stack trace:
#0 C:\Users\EnactOn Tecnologies\Local Sites\the-wordpress-site\app\public\wp-includes\class-wp-hook.php(365): WP_Hook->apply_filters(NULL, Array)
#1 C:\Users\EnactOn Tecnologies\Local Sites\the-wordpress-site\app\public\wp-includes\plugin.php(522): WP_Hook->do_action(Array)
#2 C:\Users\EnactOn Tecnologies\Local Sites\the-wordpress-site\app\public\wp-settings.php(742): do_action('init')
#3 C:\Users\EnactOn Tecnologies\Local Sites\the-wordpress-site\app\public\wp-config.php(128): require_once('C:\\Users\\EnactO...')
#4 C:\Users\EnactOn Tecnologies\Local Sites\the-wordpress-site\app\public\wp-load.php(50): require_once('C:\\Users\\EnactO...')
#5 C:\Users\EnactOn Tecnologies\Local Sites\the-wordpress-site\app\public\wp-admin\admin-ajax.php(22): require_once('C:\\Users\\EnactO...')
#6 {main}
  thrown in C:\Users\EnactOn Tecnologies\Local Sites\the-wordpress-site\app\public\wp-includes\class-wp-hook.php on line 341
[03-Dec-2025 12:35:47 UTC] PHP Fatal error:  Uncaught TypeError: call_user_func_array(): Argument #1 ($callback) must be a valid callback, function "bookstore_register_book_post_typ" not found or invalid function name in C:\Users\EnactOn Tecnologies\Local Sites\the-wordpress-site\app\public\wp-includes\class-wp-hook.php:341
Stack trace:
#0 C:\Users\EnactOn Tecnologies\Local Sites\the-wordpress-site\app\public\wp-includes\class-wp-hook.php(365): WP_Hook->apply_filters(NULL, Array)
#1 C:\Users\EnactOn Tecnologies\Local Sites\the-wordpress-site\app\public\wp-includes\plugin.php(522): WP_Hook->do_action(Array)
#2 C:\Users\EnactOn Tecnologies\Local Sites\the-wordpress-site\app\public\wp-settings.php(742): do_action('init')
#3 C:\Users\EnactOn Tecnologies\Local Sites\the-wordpress-site\app\public\wp-config.php(128): require_once('C:\\Users\\EnactO...')
#4 C:\Users\EnactOn Tecnologies\Local Sites\the-wordpress-site\app\public\wp-load.php(50): require_once('C:\\Users\\EnactO...')
#5 C:\Users\EnactOn Tecnologies\Local Sites\the-wordpress-site\app\public\wp-admin\admin.php(35): require_once('C:\\Users\\EnactO...')
#6 C:\Users\EnactOn Tecnologies\Local Sites\the-wordpress-site\app\public\wp-admin\edit.php(10): require_once('C:\\Users\\EnactO...')
#7 {main}
  thrown in C:\Users\EnactOn Tecnologies\Local Sites\the-wordpress-site\app\public\wp-includes\class-wp-hook.php on line 341
[03-Dec-2025 12:35:47 UTC] PHP Fatal error:  Uncaught TypeError: call_user_func_array(): Argument #1 ($callback) must be a valid callback, function "bookstore_register_book_post_typ" not found or invalid function name in C:\Users\EnactOn Tecnologies\Local Sites\the-wordpress-site\app\public\wp-includes\class-wp-hook.php:341
Stack trace:
#0 C:\Users\EnactOn Tecnologies\Local Sites\the-wordpress-site\app\public\wp-includes\class-wp-hook.php(365): WP_Hook->apply_filters(NULL, Array)
#1 C:\Users\EnactOn Tecnologies\Local Sites\the-wordpress-site\app\public\wp-includes\plugin.php(522): WP_Hook->do_action(Array)
#2 C:\Users\EnactOn Tecnologies\Local Sites\the-wordpress-site\app\public\wp-settings.php(742): do_action('init')
#3 C:\Users\EnactOn Tecnologies\Local Sites\the-wordpress-site\app\public\wp-config.php(128): require_once('C:\\Users\\EnactO...')
#4 C:\Users\EnactOn Tecnologies\Local Sites\the-wordpress-site\app\public\wp-load.php(50): require_once('C:\\Users\\EnactO...')
#5 C:\Users\EnactOn Tecnologies\Local Sites\the-wordpress-site\app\public\wp-blog-header.php(12): require_once('C:\\Users\\EnactO...')
#6 C:\Users\EnactOn Tecnologies\Local Sites\the-wordpress-site\app\public\index.php(17): require('C:\\Users\\EnactO...')
#7 {main}
  thrown in C:\Users\EnactOn Tecnologies\Local Sites\the-wordpress-site\app\public\wp-includes\class-wp-hook.php on line 341
[03-Dec-2025 12:36:08 UTC] PHP Fatal error:  Uncaught TypeError: call_user_func_array(): Argument #1 ($callback) must be a valid callback, function "bookstore_register_book_post_typ" not found or invalid function name in C:\Users\EnactOn Tecnologies\Local Sites\the-wordpress-site\app\public\wp-includes\class-wp-hook.php:341
Stack trace:
#0 C:\Users\EnactOn Tecnologies\Local Sites\the-wordpress-site\app\public\wp-includes\class-wp-hook.php(365): WP_Hook->apply_filters(NULL, Array)
#1 C:\Users\EnactOn Tecnologies\Local Sites\the-wordpress-site\app\public\wp-includes\plugin.php(522): WP_Hook->do_action(Array)
#2 C:\Users\EnactOn Tecnologies\Local Sites\the-wordpress-site\app\public\wp-settings.php(742): do_action('init')
#3 C:\Users\EnactOn Tecnologies\Local Sites\the-wordpress-site\app\public\wp-config.php(128): require_once('C:\\Users\\EnactO...')
#4 C:\Users\EnactOn Tecnologies\Local Sites\the-wordpress-site\app\public\wp-load.php(50): require_once('C:\\Users\\EnactO...')
#5 C:\Users\EnactOn Tecnologies\Local Sites\the-wordpress-site\app\public\wp-admin\admin.php(35): require_once('C:\\Users\\EnactO...')
#6 C:\Users\EnactOn Tecnologies\Local Sites\the-wordpress-site\app\public\wp-admin\edit.php(10): require_once('C:\\Users\\EnactO...')
#7 {main}
  thrown in C:\Users\EnactOn Tecnologies\Local Sites\the-wordpress-site\app\public\wp-includes\class-wp-hook.php on line 341
[03-Dec-2025 12:36:08 UTC] PHP Fatal error:  Uncaught TypeError: call_user_func_array(): Argument #1 ($callback) must be a valid callback, function "bookstore_register_book_post_typ" not found or invalid function name in C:\Users\EnactOn Tecnologies\Local Sites\the-wordpress-site\app\public\wp-includes\class-wp-hook.php:341
Stack trace:
#0 C:\Users\EnactOn Tecnologies\Local Sites\the-wordpress-site\app\public\wp-includes\class-wp-hook.php(365): WP_Hook->apply_filters(NULL, Array)
#1 C:\Users\EnactOn Tecnologies\Local Sites\the-wordpress-site\app\public\wp-includes\plugin.php(522): WP_Hook->do_action(Array)
#2 C:\Users\EnactOn Tecnologies\Local Sites\the-wordpress-site\app\public\wp-settings.php(742): do_action('init')
#3 C:\Users\EnactOn Tecnologies\Local Sites\the-wordpress-site\app\public\wp-config.php(128): require_once('C:\\Users\\EnactO...')
#4 C:\Users\EnactOn Tecnologies\Local Sites\the-wordpress-site\app\public\wp-load.php(50): require_once('C:\\Users\\EnactO...')
#5 C:\Users\EnactOn Tecnologies\Local Sites\the-wordpress-site\app\public\wp-blog-header.php(12): require_once('C:\\Users\\EnactO...')
#6 C:\Users\EnactOn Tecnologies\Local Sites\the-wordpress-site\app\public\index.php(17): require('C:\\Users\\EnactO...')
#7 {main}
  thrown in C:\Users\EnactOn Tecnologies\Local Sites\the-wordpress-site\app\public\wp-includes\class-wp-hook.php on line 341
[03-Dec-2025 12:36:09 UTC] PHP Fatal error:  Uncaught TypeError: call_user_func_array(): Argument #1 ($callback) must be a valid callback, function "bookstore_register_book_post_typ" not found or invalid function name in C:\Users\EnactOn Tecnologies\Local Sites\the-wordpress-site\app\public\wp-includes\class-wp-hook.php:341
Stack trace:
#0 C:\Users\EnactOn Tecnologies\Local Sites\the-wordpress-site\app\public\wp-includes\class-wp-hook.php(365): WP_Hook->apply_filters(NULL, Array)
#1 C:\Users\EnactOn Tecnologies\Local Sites\the-wordpress-site\app\public\wp-includes\plugin.php(522): WP_Hook->do_action(Array)
#2 C:\Users\EnactOn Tecnologies\Local Sites\the-wordpress-site\app\public\wp-settings.php(742): do_action('init')
#3 C:\Users\EnactOn Tecnologies\Local Sites\the-wordpress-site\app\public\wp-config.php(128): require_once('C:\\Users\\EnactO...')
#4 C:\Users\EnactOn Tecnologies\Local Sites\the-wordpress-site\app\public\wp-load.php(50): require_once('C:\\Users\\EnactO...')
#5 C:\Users\EnactOn Tecnologies\Local Sites\the-wordpress-site\app\public\wp-admin\admin.php(35): require_once('C:\\Users\\EnactO...')
#6 C:\Users\EnactOn Tecnologies\Local Sites\the-wordpress-site\app\public\wp-admin\edit.php(10): require_once('C:\\Users\\EnactO...')
#7 {main}
  thrown in C:\Users\EnactOn Tecnologies\Local Sites\the-wordpress-site\app\public\wp-includes\class-wp-hook.php on line 341
[03-Dec-2025 12:36:09 UTC] PHP Fatal error:  Uncaught TypeError: call_user_func_array(): Argument #1 ($callback) must be a valid callback, function "bookstore_register_book_post_typ" not found or invalid function name in C:\Users\EnactOn Tecnologies\Local Sites\the-wordpress-site\app\public\wp-includes\class-wp-hook.php:341
Stack trace:
#0 C:\Users\EnactOn Tecnologies\Local Sites\the-wordpress-site\app\public\wp-includes\class-wp-hook.php(365): WP_Hook->apply_filters(NULL, Array)
#1 C:\Users\EnactOn Tecnologies\Local Sites\the-wordpress-site\app\public\wp-includes\plugin.php(522): WP_Hook->do_action(Array)
#2 C:\Users\EnactOn Tecnologies\Local Sites\the-wordpress-site\app\public\wp-settings.php(742): do_action('init')
#3 C:\Users\EnactOn Tecnologies\Local Sites\the-wordpress-site\app\public\wp-config.php(128): require_once('C:\\Users\\EnactO...')
#4 C:\Users\EnactOn Tecnologies\Local Sites\the-wordpress-site\app\public\wp-load.php(50): require_once('C:\\Users\\EnactO...')
#5 C:\Users\EnactOn Tecnologies\Local Sites\the-wordpress-site\app\public\wp-blog-header.php(12): require_once('C:\\Users\\EnactO...')
#6 C:\Users\EnactOn Tecnologies\Local Sites\the-wordpress-site\app\public\index.php(17): require('C:\\Users\\EnactO...')
#7 {main}
  thrown in C:\Users\EnactOn Tecnologies\Local Sites\the-wordpress-site\app\public\wp-includes\class-wp-hook.php on line 341
[04-Dec-2025 05:05:48 UTC] PHP Warning:  mysqli_real_connect(): (HY000/2002): No connection could be made because the target machine actively refused it in C:\Users\EnactOn Tecnologies\Local Sites\the-wordpress-site\app\public\wp-includes\class-wpdb.php on line 1994
[04-Dec-2025 05:07:10 UTC] PHP Warning:  mysqli_real_connect(): (HY000/2002): No connection could be made because the target machine actively refused it in C:\Users\EnactOn Tecnologies\Local Sites\the-wordpress-site\app\public\wp-includes\class-wpdb.php on line 1994
